 icell, T, n(H2O), p_v, n_v, t_c
           1   293.054166200000        19357999950996.8       2.317231939757939E-002   572714.889918509       8.490237326738375E-006
           2   286.108332300000        9500569250568.52       1.470733562431480E-002   372323.428943056       4.116788465321557E-006
           3   279.162498500000        4986439475245.42       9.063603880091997E-003   235158.514658908       2.134165687617921E-006
           4   272.216664600000        2695570684910.46       5.407347385919658E-003   143875.362517027       1.139174136245785E-006
           5   265.270830800000        1437147344470.07       3.112575091593094E-003   84985.9646731191       5.995191382540296E-007
           6   258.324996900000        755095102836.283       1.721999854464161E-003   48281.8103566007       3.108286128052424E-007
           7   251.379163100000        385285312736.414       9.115913274567610E-004   26265.6272759901       1.564461308579026E-007
           8   244.433329300000        194293749073.985       4.594090016592940E-004   13613.0658621452       7.779443849760109E-008
           9   237.487495400000        97100821922.4787       2.191048418370269E-004   6682.33271989540       3.832288577132864E-008
          10   230.541661600000        43910245612.2175       9.820782256458283E-005   3085.41460854087       1.707454770307421E-008
          11   223.595827700000        14647400623.7875       4.103393932422880E-005   1329.21852374244       5.608051836521378E-009
          12   216.649993900000        3250571929.53617       1.582913298985638E-005   529.194491703672       1.224180379507276E-009
          13   216.649993900000        516191765.263840       1.582913298985638E-005   529.194491703672       1.927209790608405E-010
          14   216.649993900000        95887439.6564856       1.582913298985638E-005   529.194491703672       3.417431705659249E-011
          15   216.649993900000        35651519.7985508       1.582913298985638E-005   529.194491703672       1.145220014182943E-011
          16   216.649993900000        20107988.0530969       1.582913298985638E-005   529.194491703672       5.588888907909414E-012
          17   216.649993900000        13237063.5284570       1.582913298985638E-005   529.194491703672       2.997047516102157E-012
          18   216.649993900000        9761299.07814213       1.582913298985638E-005   529.194491703672       1.685924080210463E-012
          19   216.649993900000        8030970.77944697       1.582913298985638E-005   529.194491703672       1.033211844776818E-012
          20   216.649993900000        7533784.10146784       1.582913298985638E-005   529.194491703672       8.456637198017458E-013
          21   217.580978400000        8115049.66293943       1.807545180913711E-005   601.707056363111       7.930955676034002E-013
          22   218.574264500000        9645198.35523120       2.078778668838439E-005   688.852270728533       1.044477491495270E-012
          23   219.567230200000        12183880.2062040       2.386319053605486E-005   787.186892160578       1.637485840071112E-012
          24   220.559890700000        16003099.4586847       2.734427953746624E-005   897.959636720772       2.673196904923321E-012
          25   221.552246100000        21739772.3489189       3.127788641526835E-005   1022.53482805479       4.392322313055683E-012
          26   222.544281000000        30849167.0831014       3.571537208487466E-005   1162.40002103403       7.350082942952289E-012
          27   223.536010700000        45257547.4447019       4.071319387114582E-005   1319.18147961677       1.228651791063085E-011
          28   224.527435300000        66259825.5908583       4.633311077742271E-005   1494.64795471784       1.970511372329607E-011
          29   225.518554700000        93623150.4535870       5.264265067945205E-005   1690.72252092383       2.952504511038497E-011
          30   226.509338400000        125642206.293369       5.971531660272707E-005   1909.48607653220       4.109600380382360E-011
          31   227.499832200000        159187444.127922       6.763181073003523E-005   2153.21205572487       5.321051407125145E-011
          32   228.490020800000        193665781.252819       7.647957059175178E-005   2424.34862371669       6.563236921412235E-011
          33   230.973693800000        245642925.680139       1.034363478201596E-004   3243.60175259250       8.304173892331992E-011
          34   233.744476300000        307645336.938750       1.433534295970783E-004   4442.05159993615       1.031362698251163E-010
          35   236.514389000000        375771377.692904       1.965736544526941E-004   6019.83534467034       1.243777105216258E-010
          36   239.283432000000        452695742.737317       2.668375121692193E-004   8077.01932803062       1.474437033625259E-010
          37   242.051620500000        540774724.194676       3.587414127957198E-004   10734.7117682796       1.728162072705554E-010
          38   244.818924000000        636287816.922442       4.778844360685269E-004   14138.2211282189       1.984535024891794E-010
          39   247.585388200000        749984896.712921       6.310389854436096E-004   18460.6950688613       2.279897233708988E-010
          40   250.350982700000        871650625.331198       8.263274316513209E-004   23906.7058586364       2.565112745623542E-010
          41   253.115707400000        1013685191.23327       1.073427550267613E-003   30716.4137720467       2.880703491136190E-010
          42   255.879577600000        1173912179.26436       1.383792399984330E-003   39169.8748761304       3.206690046724856E-010
          43   258.642578100000        1345836051.22753       1.770882752310966E-003   49591.4327635246       3.503021822336806E-010
          44   261.404693600000        1530764828.27763       2.250423571849622E-003   62354.4934172666       3.759093763501217E-010
          45   264.165985100000        1717726707.55884       2.840694157188807E-003   77886.9057308765       3.910678376858031E-010
          46   266.926391600000        1891599910.82069       3.562779920834760E-003   96675.0374084012       3.872404747562637E-010
          47   269.685974100000        2024445782.39174       4.440932871720210E-003   119270.411239168       3.500511775070361E-010
          48   270.649993900000        1948374266.18233       4.789560388691974E-003   128175.346471833       2.810585329240527E-010
          49   270.649993900000        1760450339.19671       4.789560388691974E-003   128175.346471833       2.018266471144449E-010
          50   270.649993900000        1558735002.91917       4.789560388691974E-003   128175.346471833       1.167800713731236E-010
          51   270.649993900000        1361612730.22970       4.789560388691974E-003   128175.346471833       3.367000843016516E-011
          52   269.029144300000        1089773804.01328       4.216323923112064E-003   113514.543406831      -1.907207518997057E-011
          53   266.274719200000        809592296.355434       3.379172516783612E-003   91917.3081482933      -4.582614006848051E-011
          54   263.521179200000        592153278.386716       2.691866997678937E-003   73986.9187550622      -6.145382752200075E-011
          55   260.768493700000        431688356.819443       2.130849817004503E-003   59185.4006034336      -6.628432535581450E-011
          56   258.016662600000        309825000.078719       1.675684031864847E-003   47039.3428635640      -6.609946380475164E-011
          57   255.265686000000        224905663.969028       1.308726460218455E-003   37134.1350613090      -5.995936850110741E-011
          58   252.515564000000        164621505.679535       1.014830256718090E-003   29108.6540061717      -5.150251590139753E-011
          59   249.766296400000        118484819.347663       7.810671445406991E-004   22650.1667651318      -4.374942214933129E-011
          60   247.017898600000        80558133.6611598       5.964704211981753E-004   17489.4985379285      -3.799789100953145E-011
          61   244.270340000000        49391657.3928987       4.517928829748257E-004   13396.3201115937      -3.387454958131728E-011
          62   241.523635900000        26927360.1586237       3.392943175831128E-004   10174.9859128178      -2.980066330096570E-011
          63   238.777786300000        13197190.2636412       2.525378202601947E-004   7660.36343074922      -2.510985826661601E-011
          64   236.032806400000        5832597.95438165       1.862106480315891E-004   5714.11543562665      -2.020179145371796E-011
          65   233.288665800000        2353805.10272535       1.359603533268183E-004   4221.19595687507      -1.560191502916454E-011
          66   230.545379600000        877119.093649754       9.825178468168668E-005   3086.74599439525      -1.167007147325165E-011
          67   227.802932700000        299190.535646727       7.023671098607516E-005   2233.16968596504      -8.522312628681999E-012
          68   225.061355600000        91564.1373662818       4.964160930856491E-005   1597.57696577998      -6.107027358677456E-012
          69   222.320648200000        24968.9245253912       3.466808691077587E-005   1129.44983146348      -4.306352567382044E-012
          70   219.580749500000        6119.05796347945       2.390776734490452E-005   788.608812840813      -2.992509564692672E-012
          71   216.841720600000        1391.10199632877       1.626985116000217E-005   543.447510448966      -2.050367668196735E-012
          72   214.259689300000        301.501526497690       1.117371305039012E-005   377.723418622137      -1.416848395637987E-012
          73   212.304443400000        68.2603308528046       8.333401838550863E-006   284.302126854898      -1.061605416843516E-012
          74   210.349823000000        16.2770342073284       6.166890011863246E-006   212.344452795182      -7.892645000113757E-013
          75   208.395797700000        4.13585175012857       4.526792966302538E-006   157.332536202634      -5.820707599465133E-013
          76   206.442398100000        1.09502562888475       3.294987640121826E-006   115.603707595480      -4.256814270817461E-013
          77   204.489578200000       0.305674737211793       2.377390344399453E-006   84.2066099784021      -3.085997133904659E-013
          78   202.537384000000       9.032652425360577E-002  1.699705326599800E-006   60.7834445346868      -2.216928792340221E-013
          79   200.585784900000       2.901661911692655E-002  1.203653268735142E-006   43.4628414583925      -1.577546122617235E-013
          80   198.634796100000       1.049282489628185E-002  8.439283866030056E-007   30.7728085256651      -1.111498003603829E-013
          81   196.684417700000       4.361881631912624E-003  5.855937382457825E-007   21.5646958954882      -7.750722878362294E-014
          82   194.734634400000       2.090006985085542E-003  4.019495106345594E-007   14.9501370189553      -5.346636630608118E-014
          83   192.785461400000       1.094220286672959E-003  2.727839682830301E-007   10.2485265853278      -3.646804396981569E-014
          84   190.836883500000       6.176041322841924E-004  1.829408957405070E-007   6.94329078525251      -2.458161489736284E-014
          85   191.000000000000       4.476698216613596E-004  1.892521493866976E-007   7.17669222336597      -2.541879188243602E-014
          86   190.000000000000       2.995343617917068E-004  1.535088049325708E-007   5.85189544542791      -2.067222670471280E-014
          87   188.000000000000       1.807127271004319E-004  9.997448844604839E-008   3.85166236126454      -1.353446318159463E-014
          88   187.000000000000       1.203459003636363E-004  8.025647917798119E-008   3.10853216311225      -1.089406769439711E-014
          89   187.000000000000       8.899421457888070E-005  8.025647917798119E-008   3.10853216311225      -1.089406770538452E-014
          90   187.000000000000       6.650913339459246E-005  8.025647917798119E-008   3.10853216311225      -1.089406771326458E-014
          91   188.000000000000       5.572820060885921E-005  9.997448844604839E-008   3.85166236126454      -1.353446322551329E-014
          92   189.000000000000       4.679541084197369E-005  1.240970065099785E-007   4.75572101465921      -1.675564591110034E-014
          93   189.000000000000       3.537291115923081E-005  1.240970065099785E-007   4.75572101465921      -1.675564591512478E-014
          94   190.000000000000       2.972720877840436E-005  1.535088049325708E-007   5.85189544542791      -2.067222680002406E-014
          95   191.000000000000       2.514893424834534E-005  1.892521493866976E-007   7.17669222336597      -2.541879203208672E-014
          96   192.000000000000       2.143679249141271E-005  2.325511262836484E-007   8.77271633715535      -3.115290880883001E-014
          97   193.000000000000       1.819791872559824E-005  2.848391257778958E-007   10.6895445962712      -3.805850816990428E-014
          98   193.000000000000       1.398020826522981E-005  2.848391257778958E-007   10.6895445962712      -3.805850817140593E-014
          99   194.000000000000       1.195746688157990E-005  3.477898060267165E-007   12.9847019928041      -4.634968152879904E-014
         100   195.000000000000       1.051241547492381E-005  4.233518869011707E-007   15.7247502604204      -5.627493021867445E-014
