 #hydrostatic equilibrium dump
 #alt/km p/mbar Tgas/K
   1.00000000000000        911.518159966166        293.054166200000     
   2.00000000000000        786.131360962416        286.108332300000     
   3.00000000000000        669.715570625899        279.162498500000     
   4.00000000000000        569.494745281978        272.216664600000     
   5.00000000000000        477.310770090384        265.270830800000     
   6.00000000000000        399.929883602900        258.324996900000     
   7.00000000000000        329.929172046860        251.379163100000     
   8.00000000000000        270.016989922806        244.433329300000     
   9.00000000000000        218.950028604141        237.487495400000     
   10.0000000000000        175.247399311519        230.541661600000     
   11.0000000000000        138.781904048595        223.595827700000     
   12.0000000000000        114.829805584480        216.649993900000     
   13.0000000000000        97.9123511548128        216.649993900000     
   14.0000000000000        83.7125101333218        216.649993900000     
   15.0000000000000        71.6283833482493        216.649993900000     
   16.0000000000000        61.0581317716660        216.649993900000     
   17.0000000000000        52.2974855209933        216.649993900000     
   18.0000000000000        44.4483740893535        216.649993900000     
   19.0000000000000        38.1033057738038        216.649993900000     
   20.0000000000000        32.3671971450146        216.649993900000     
   21.0000000000000        28.2868981542372        217.580978400000     
   22.0000000000000        24.6668994160174        218.574264500000     
   23.0000000000000        21.5630763560571        219.567230200000     
   24.0000000000000        18.8605790677592        220.559890700000     
   25.0000000000000        16.5032675301265        221.552246100000     
   26.0000000000000        14.4655681480565        222.544281000000     
   27.0000000000000        12.6891172665079        223.536010700000     
   28.0000000000000        11.1470439136454        224.527435300000     
   29.0000000000000        9.81069399315639        225.518554700000     
   30.0000000000000        8.65170521047281        226.509338400000     
   31.0000000000000        7.60962680188733        227.499832200000     
   32.0000000000000        6.71693274807564        228.490020800000     
   33.0000000000000        6.17731807783533        230.973693800000     
   34.0000000000000        5.72931260220147        233.744476300000     
   35.0000000000000        5.30174012728129        236.514389000000     
   36.0000000000000        4.92930581148567        239.283432000000     
   37.0000000000000        4.61405400670744        242.051620500000     
   38.0000000000000        4.29039844574851        244.818924000000     
   39.0000000000000        4.02743915708872        247.585388200000     
   40.0000000000000        3.75733387024574        250.350982700000     
   41.0000000000000        3.52614816013196        253.115707400000     
   42.0000000000000        3.31416097776900        255.879577600000     
   43.0000000000000        3.11469678265526        258.642578100000     
   44.0000000000000        2.93573160323455        261.404693600000     
   45.0000000000000        2.76705150415027        264.165985100000     
   46.0000000000000        2.61284416615075        266.926391600000     
   47.0000000000000        2.47363511725976        269.685974100000     
   48.0000000000000        2.23204703672415        270.649993900000     
   49.0000000000000        1.97010329457073        270.649993900000     
   50.0000000000000        1.73474833603206        270.649993900000     
   51.0000000000000        1.52971885801485        270.649993900000     
   52.0000000000000        1.29020815570963        269.029144300000     
   53.0000000000000        1.04895746466143        266.274719200000     
   54.0000000000000       0.849370151238652        263.521179200000     
   55.0000000000000       0.686668649503642        260.768493700000     
   56.0000000000000       0.548992347866015        258.016662600000     
   57.0000000000000       0.439106910090581        255.265686000000     
   58.0000000000000       0.349922584243354        252.515564000000     
   59.0000000000000       0.276933991422494        249.766296400000     
   60.0000000000000       0.218292065175878        247.017898600000     
   61.0000000000000       0.171171663909781        244.270340000000     
   62.0000000000000       0.133529903218550        241.523635900000     
   63.0000000000000       0.103740140877976        238.777786300000     
   64.0000000000000       7.990137799451522E-002   236.032806400000     
   65.0000000000000       6.118379837504195E-002   233.288665800000     
   66.0000000000000       4.677637110343003E-002   230.545379600000     
   67.0000000000000       3.558445574794825E-002   227.802932700000     
   68.0000000000000       2.670483070156886E-002   225.061355600000     
   69.0000000000000       2.000903065017319E-002   222.320648200000     
   70.0000000000000       1.489162870848456E-002   219.580749500000     
   71.0000000000000       1.102124126174824E-002   216.841720600000     
   72.0000000000000       8.154342867976477E-003   214.259689300000     
   73.0000000000000       6.214121123067851E-003   212.304443400000     
   74.0000000000000       4.722521081361634E-003   210.349823000000     
   75.0000000000000       3.582087230515011E-003   208.395797700000     
   76.0000000000000       2.679227425041864E-003   206.442398100000     
   77.0000000000000       2.002558000019574E-003   204.489578200000     
   78.0000000000000       1.485387775968645E-003   202.537384000000     
   79.0000000000000       1.095360362822310E-003   200.585784900000     
   80.0000000000000       8.035411524532605E-004   198.634796100000     
   81.0000000000000       5.844064731634500E-004   196.684417700000     
   82.0000000000000       4.248375292027786E-004   194.734634400000     
   83.0000000000000       3.030644120890478E-004   192.785461400000     
   84.0000000000000       2.173986387616250E-004   190.836883500000     
   85.0000000000000       1.847463332684454E-004   191.000000000000     
   86.0000000000000       1.420190202200877E-004   190.000000000000     
   87.0000000000000       9.957818076589207E-005   188.000000000000     
   88.0000000000000       7.622406268700537E-005   187.000000000000     
   89.0000000000000       6.352901407941108E-005   187.000000000000     
   90.0000000000000       5.310886577331241E-005   187.000000000000     
   91.0000000000000       4.876642718925989E-005   188.000000000000     
   92.0000000000000       4.464212290540183E-005   189.000000000000     
   93.0000000000000       3.725417754744574E-005   189.000000000000     
   94.0000000000000       3.419665219153933E-005   190.000000000000     
   95.0000000000000       3.139140047476804E-005   191.000000000000     
   96.0000000000000       2.896768672961208E-005   192.000000000000     
   97.0000000000000       2.666090950454765E-005   193.000000000000     
   98.0000000000000       2.233302478097000E-005   193.000000000000     
   99.0000000000000       2.058043244998288E-005   194.000000000000     
   100.000000000000       1.899029801222363E-005   195.000000000000     
