 #hydrostatic equilibrium dump
 #alt/km p/mbar Tgas/K
   1.00000000000000        911.504224209955        293.054166200000     
   2.00000000000000        786.119054994145        286.108332300000     
   3.00000000000000        669.704970236648        279.162498500000     
   4.00000000000000        569.485176069911        272.216664600000     
   5.00000000000000        477.302858838968        265.270830800000     
   6.00000000000000        399.922684305759        258.324996900000     
   7.00000000000000        329.922969118484        251.379163100000     
   8.00000000000000        270.011620806505        244.433329300000     
   9.00000000000000        218.945336303297        237.487495400000     
   10.0000000000000        175.243223528224        230.541661600000     
   11.0000000000000        138.777801457555        223.595827700000     
   12.0000000000000        114.824745940851        216.649993900000     
   13.0000000000000        97.9049852866394        216.649993900000     
   14.0000000000000        83.7014507907510        216.649993900000     
   15.0000000000000        71.6128863766391        216.649993900000     
   16.0000000000000        61.0380359677567        216.649993900000     
   17.0000000000000        52.2729959678650        216.649993900000     
   18.0000000000000        44.4204138966558        216.649993900000     
   19.0000000000000        38.0724825616515        216.649993900000     
   20.0000000000000        32.3348705722188        216.649993900000     
   21.0000000000000        28.2530120366031        217.580978400000     
   22.0000000000000        24.6323734630678        218.574264500000     
   23.0000000000000        21.5284911682097        219.567230200000     
   24.0000000000000        18.8264328134728        220.559890700000     
   25.0000000000000        16.4699244903511        221.552246100000     
   26.0000000000000        14.4332318952400        222.544281000000     
   27.0000000000000        12.6579628902012        223.536010700000     
   28.0000000000000        11.1171688732721        224.527435300000     
   29.0000000000000        9.78209920569074        225.518554700000     
   30.0000000000000        8.62438385438948        226.509338400000     
   31.0000000000000        7.58369736808699        227.499832200000     
   32.0000000000000        6.69229989624286        228.490020800000     
   33.0000000000000        6.15302759968511        230.973693800000     
   34.0000000000000        5.70527441862213        233.744476300000     
   35.0000000000000        5.27812091611886        236.514389000000     
   36.0000000000000        4.90610172505170        239.283432000000     
   37.0000000000000        4.59120134647808        242.051620500000     
   38.0000000000000        4.26812611691294        244.818924000000     
   39.0000000000000        4.00560333958406        247.585388200000     
   40.0000000000000        3.73612301793993        250.350982700000     
   41.0000000000000        3.50547168168317        253.115707400000     
   42.0000000000000        3.29402714913520        255.879577600000     
   43.0000000000000        3.09514047144551        258.642578100000     
   44.0000000000000        2.91671703621710        261.404693600000     
   45.0000000000000        2.74858895070688        264.165985100000     
   46.0000000000000        2.59490606015297        266.926391600000     
   47.0000000000000        2.45617296793382        269.685974100000     
   48.0000000000000        2.21583804434999        270.649993900000     
   49.0000000000000        1.95536214273766        270.649993900000     
   50.0000000000000        1.72134524476130        270.649993900000     
   51.0000000000000        1.51748633459485        270.649993900000     
   52.0000000000000        1.27949743225275        269.029144300000     
   53.0000000000000        1.03987706159229        266.274719200000     
   54.0000000000000       0.841659517732481        263.521179200000     
   55.0000000000000       0.680091666719275        260.768493700000     
   56.0000000000000       0.543412620901703        258.016662600000     
   57.0000000000000       0.434345543181827        255.265686000000     
   58.0000000000000       0.345852855050924        252.515564000000     
   59.0000000000000       0.273460907445766        249.766296400000     
   60.0000000000000       0.215326575451680        247.017898600000     
   61.0000000000000       0.168642605960877        244.270340000000     
   62.0000000000000       0.131376076730711        241.523635900000     
   63.0000000000000       0.101907330858292        238.777786300000     
   64.0000000000000       7.834897595894121E-002   236.032806400000     
   65.0000000000000       5.986957403297061E-002   233.288665800000     
   66.0000000000000       4.565862770537639E-002   230.545379600000     
   67.0000000000000       3.463164760498742E-002   227.802932700000     
   68.0000000000000       2.589701786619593E-002   225.061355600000     
   69.0000000000000       1.931777812967596E-002   222.320648200000     
   70.0000000000000       1.430227558676619E-002   219.580749500000     
   71.0000000000000       1.052463467062369E-002   216.841720600000     
   72.0000000000000       7.739947921324918E-003   214.259689300000     
   73.0000000000000       5.862942605647457E-003   212.304443400000     
   74.0000000000000       4.430208013342470E-003   210.349823000000     
   75.0000000000000       3.342504987893253E-003   208.395797700000     
   76.0000000000000       2.487742222259186E-003   206.442398100000     
   77.0000000000000       1.850987678176734E-003   204.489578200000     
   78.0000000000000       1.367234231928366E-003   202.537384000000     
   79.0000000000000       1.004362501798800E-003   200.585784900000     
   80.0000000000000       7.341720853329518E-004   198.634796100000     
   81.0000000000000       5.321866271051610E-004   196.684417700000     
   82.0000000000000       3.856644704326486E-004   194.734634400000     
   83.0000000000000       2.742881827432236E-004   192.785461400000     
   84.0000000000000       1.961663201301871E-004   190.836883500000     
   85.0000000000000       1.662318259884963E-004   191.000000000000     
   86.0000000000000       1.274651092695199E-004   190.000000000000     
   87.0000000000000       8.915287623228267E-005   188.000000000000     
   88.0000000000000       6.807111991079056E-005   187.000000000000     
   89.0000000000000       5.659640801680284E-005   187.000000000000     
   90.0000000000000       4.720800737626744E-005   187.000000000000     
   91.0000000000000       4.326289903932193E-005   188.000000000000     
   92.0000000000000       3.953934944998374E-005   189.000000000000     
   93.0000000000000       3.294989712875234E-005   189.000000000000     
   94.0000000000000       3.020953566353439E-005   190.000000000000     
   95.0000000000000       2.770486042948853E-005   191.000000000000     
   96.0000000000000       2.554689221908057E-005   192.000000000000     
   97.0000000000000       2.349978158139229E-005   193.000000000000     
   98.0000000000000       1.967749064568723E-005   193.000000000000     
   99.0000000000000       1.812881457579152E-005   194.000000000000     
   100.000000000000       1.672628907219824E-005   195.000000000000     
